  pch.cpp
       _Adding library: ToolInterd.lib: MFC4.2, Debug, MBCS
E:\code2\code\Code\RobotDemoo\ToolInter\Graph.h(480,52): warning C4244: 'return': conversion from 'INT_PTR' to 'int', possible loss of data
  (compiling source file 'pch.cpp')
  
       _Adding library: NumMethodToolsd.lib: MFC4.2, Debug, MBCS
       _Adding library: OPENGLd.lib: MFC4.2, Debug, MBCS
  CDlgGraph1.cpp
  CMyOpenGLCtrl.cpp
E:\code2\code\Code\RobotDemoo\RobotDemoo\CMyOpenGLCtrl.cpp(234,32): warning C4305: '=': truncation from 'double' to 'GLfloat'
  (compiling source file '/CMyOpenGLCtrl.cpp')
  
  CRobot.cpp
  MainFrm.cpp
  RobotDemoo.cpp
  RobotDemooDoc.cpp
  RobotDemooView.cpp
  STLLoader.cpp
  Transformations.cpp
  Generating Code...
  LINK : E:\code2\code\Code\RobotDemoo\x64\Debug\RobotDemoo.exe not found or not built by the last incremental link; performing full link
  RobotDemoo.vcxproj -> E:\code2\code\Code\RobotDemoo\x64\Debug\RobotDemoo.exe
