c:\users\phamtuananh\desktop\code\code\robotdemoo\robotdemoo\x64\debug\vc143.pdb
c:\users\phamtuananh\desktop\code\code\robotdemoo\robotdemoo\x64\debug\vc143.idb
c:\users\phamtuananh\desktop\code\code\robotdemoo\robotdemoo\x64\debug\transformations.obj
c:\users\phamtuananh\desktop\code\code\robotdemoo\robotdemoo\x64\debug\robotdemooview.obj
c:\users\phamtuananh\desktop\code\code\robotdemoo\robotdemoo\x64\debug\crobot.obj
c:\users\phamtuananh\desktop\code\code\robotdemoo\robotdemoo\x64\debug\stlloader.obj
c:\users\phamtuananh\desktop\code\code\robotdemoo\robotdemoo\x64\debug\mainfrm.obj
c:\users\phamtuananh\desktop\code\code\robotdemoo\robotdemoo\x64\debug\robotdemoo.pch
c:\users\phamtuananh\desktop\code\code\robotdemoo\robotdemoo\x64\debug\pch.obj
c:\users\phamtuananh\desktop\code\code\robotdemoo\robotdemoo\x64\debug\robotdemoodoc.obj
c:\users\phamtuananh\desktop\code\code\robotdemoo\robotdemoo\x64\debug\robotdemoo.obj
c:\users\phamtuananh\desktop\code\code\robotdemoo\robotdemoo\x64\debug\cmyopenglctrl.obj
c:\users\phamtuananh\desktop\code\code\robotdemoo\robotdemoo\x64\debug\cdlggraph1.obj
c:\users\phamtuananh\desktop\code\code\robotdemoo\x64\debug\robotdemoo.exe
c:\users\phamtuananh\desktop\code\code\robotdemoo\x64\debug\robotdemoo.pdb
c:\users\phamtuananh\desktop\code\code\robotdemoo\robotdemoo\x64\debug\robotdemoo.res
c:\users\phamtuananh\desktop\code\code\robotdemoo\robotdemoo\x64\debug\robotdemoo.ilk
c:\users\phamtuananh\desktop\code\code\robotdemoo\robotdemoo\x64\debug\robotdemoo.tlog\cl.command.1.tlog
c:\users\phamtuananh\desktop\code\code\robotdemoo\robotdemoo\x64\debug\robotdemoo.tlog\cl.items.tlog
c:\users\phamtuananh\desktop\code\code\robotdemoo\robotdemoo\x64\debug\robotdemoo.tlog\cl.read.1.tlog
c:\users\phamtuananh\desktop\code\code\robotdemoo\robotdemoo\x64\debug\robotdemoo.tlog\cl.write.1.tlog
c:\users\phamtuananh\desktop\code\code\robotdemoo\robotdemoo\x64\debug\robotdemoo.tlog\link.command.1.tlog
c:\users\phamtuananh\desktop\code\code\robotdemoo\robotdemoo\x64\debug\robotdemoo.tlog\link.read.1.tlog
c:\users\phamtuananh\desktop\code\code\robotdemoo\robotdemoo\x64\debug\robotdemoo.tlog\link.secondary.1.tlog
c:\users\phamtuananh\desktop\code\code\robotdemoo\robotdemoo\x64\debug\robotdemoo.tlog\link.write.1.tlog
c:\users\phamtuananh\desktop\code\code\robotdemoo\robotdemoo\x64\debug\robotdemoo.tlog\rc.command.1.tlog
c:\users\phamtuananh\desktop\code\code\robotdemoo\robotdemoo\x64\debug\robotdemoo.tlog\rc.read.1.tlog
c:\users\phamtuananh\desktop\code\code\robotdemoo\robotdemoo\x64\debug\robotdemoo.tlog\rc.write.1.tlog
